#
# A fatal error has been detected by the Java Runtime Environment:
#
#  Internal Error (t:/workspace/open/src/hotspot/os_cpu/windows_x86/os_windows_x86.cpp:145), pid=6984, tid=17048
#  guarantee(result == EXCEPTION_CONTINUE_EXECUTION) failed: Unexpected result from topLevelExceptionFilter
#
# JRE version: OpenJDK Runtime Environment (11.0+28) (build 11+28)
# Java VM: OpenJDK 64-Bit Server VM (11+28, mixed mode, tiered, compressed oops, g1 gc, windows-amd64)
# No core dump will be written. Minidumps are not enabled by default on client versions of Windows
#
# If you would like to submit a bug report, please visit:
#   http://bugreport.java.com/bugreport/crash.jsp
# The crash happened outside the Java Virtual Machine in native code.
# See problematic frame for where to report the bug.
#

---------------  S U M M A R Y ------------

Command Line: -Dfile.encoding=UTF8 -ea -Xmx1024m 

Host: Intel(R) Core(TM) i7-9700 CPU @ 3.00GHz, 8 cores, 15G,  Windows 10 , 64 bit Build 19041 (10.0.19041.1202)
Time: Mon Oct 18 10:31:37 2021 대한민국 표준시 elapsed time: 0 seconds (0d 0h 0m 0s)

---------------  T H R E A D  ---------------

Current thread (0x0000026b769d3800):  JavaThread "Python Reference Queue" daemon [_thread_in_native, id=17048, stack(0x000000bd03260000,0x000000bd03450000)]

Stack: [0x000000bd03260000,0x000000bd03450000]
Native frames: (J=compiled Java code, j=interpreted, Vv=VM code, C=native code)
C  0x00007ff96a98adaa
C  0x00007ff96aac852f
C  0x00007ff96aac9b18
C  0x00007ff96aaca187
C  0x00007ff96a5b241c
C  0x00007ff96a98a89c
C  [ntdll.dll+0xa20cf]
C  [ntdll.dll+0x51454]
C  [ntdll.dll+0xa0bfe]
C  0x00007ff970fd735d
C  0x00007ff970fd7392
C  0x00007ff970f03884
C  0x00007ff970f06393
C  0x00007ff9776748eb
C  [python38.dll+0x16bd9]  dict_dealloc+0x239  (dictobject.c:1990)
C  [python38.dll+0x924e8]  subtype_clear+0xa8  (typeobject.c:1143)
C  [python38.dll+0x90ce0]  delete_garbage+0x50  (gcmodule.c:949)
C  [python38.dll+0x9042d]  collect+0x165  (gcmodule.c:1128)
C  [python38.dll+0x8f18d]  collect_with_callback+0x45  (gcmodule.c:1241)
C  [python38.dll+0xf64c3]  PyGC_Collect+0x63  (gcmodule.c:1834)
C  0x00007ff9706bbec0  Java_jpype_ref_JPypeReferenceQueue_wake+0x40  (jp_reference_queue.cpp:60)
C  0x0000026b0beaf037

Java frames: (J=compiled Java code, j=interpreted, Vv=VM code)
j  org.jpype.ref.JPypeReferenceQueue.wake(J)V+0
j  org.jpype.ref.JPypeReferenceQueue$Worker.run()V+49
j  java.lang.Thread.run()V+11 java.base@11
v  ~StubRoutines::call_stub

---------------  P R O C E S S  ---------------

Threads class SMR info:
_java_thread_list=0x0000026b208ca000, length=13, elements={
0x0000026b769d0800, 0x0000026b769d1000, 0x0000026b769cb800, 0x0000026b769cc800,
0x0000026b769d2000, 0x0000026b01e92000, 0x0000026b01e94800, 0x0000026b01e98000,
0x0000026b769d3000, 0x0000026b769cd000, 0x0000026b769d3800, 0x0000026b2091b000,
0x0000026b20890800
}

Java Threads: ( => current thread )
  0x0000026b769d0800 JavaThread "main" [_thread_in_vm, id=17160, stack(0x000000bd00ba0000,0x000000bd00d90000)]
  0x0000026b769d1000 JavaThread "Reference Handler" daemon [_thread_blocked, id=22380, stack(0x000000bd01f00000,0x000000bd020f0000)]
  0x0000026b769cb800 JavaThread "Finalizer" daemon [_thread_blocked, id=18156, stack(0x000000bd020f0000,0x000000bd022e0000)]
  0x0000026b769cc800 JavaThread "Signal Dispatcher" daemon [_thread_blocked, id=23576, stack(0x000000bd022e0000,0x000000bd024d0000)]
  0x0000026b769d2000 JavaThread "Attach Listener" daemon [_thread_blocked, id=23904, stack(0x000000bd024d0000,0x000000bd026c0000)]
  0x0000026b01e92000 JavaThread "C2 CompilerThread0" daemon [_thread_in_native, id=21296, stack(0x000000bd026c0000,0x000000bd028b0000)]
  0x0000026b01e94800 JavaThread "C1 CompilerThread0" daemon [_thread_blocked, id=17616, stack(0x000000bd028b0000,0x000000bd02aa0000)]
  0x0000026b01e98000 JavaThread "Sweeper thread" daemon [_thread_blocked, id=15108, stack(0x000000bd02aa0000,0x000000bd02c90000)]
  0x0000026b769d3000 JavaThread "Service Thread" daemon [_thread_blocked, id=20552, stack(0x000000bd02c90000,0x000000bd02e80000)]
  0x0000026b769cd000 JavaThread "Common-Cleaner" daemon [_thread_blocked, id=23116, stack(0x000000bd03070000,0x000000bd03260000)]
=>0x0000026b769d3800 JavaThread "Python Reference Queue" daemon [_thread_in_native, id=17048, stack(0x000000bd03260000,0x000000bd03450000)]
  0x0000026b2091b000 JavaThread "C2 CompilerThread1" daemon [_thread_in_native, id=2848, stack(0x000000bd03e00000,0x000000bd03ff0000)]
  0x0000026b20890800 JavaThread "C2 CompilerThread2" daemon [_thread_blocked, id=3404, stack(0x000000bd03ff0000,0x000000bd041e0000)]

Other Threads:
  0x0000026b762a3800 VMThread "VM Thread" [stack: 0x000000bd01d10000,0x000000bd01f00000] [id=23160]
  0x0000026b20413000 WatcherThread [stack: 0x000000bd02e80000,0x000000bd03070000] [id=21748]
  0x0000026b01b5e800 GCTaskThread "GC Thread#0" [stack: 0x000000bd01360000,0x000000bd01550000] [id=24564]
  0x0000026b2052e800 GCTaskThread "GC Thread#1" [stack: 0x000000bd03450000,0x000000bd03640000] [id=12392]
  0x0000026b2048d000 GCTaskThread "GC Thread#2" [stack: 0x000000bd03640000,0x000000bd03830000] [id=21280]
  0x0000026b206fa000 GCTaskThread "GC Thread#3" [stack: 0x000000bd03830000,0x000000bd03a20000] [id=18320]
  0x0000026b207f3000 GCTaskThread "GC Thread#4" [stack: 0x000000bd03a20000,0x000000bd03c10000] [id=15504]
  0x0000026b20448000 GCTaskThread "GC Thread#5" [stack: 0x000000bd03c10000,0x000000bd03e00000] [id=22680]
  0x0000026b01b6b000 ConcurrentGCThread "G1 Main Marker" [stack: 0x000000bd01550000,0x000000bd01740000] [id=9056]
  0x0000026b01b6e800 ConcurrentGCThread "G1 Conc#0" [stack: 0x000000bd01740000,0x000000bd01930000] [id=5924]
  0x0000026b01c9d800 ConcurrentGCThread "G1 Refine#0" [stack: 0x000000bd01930000,0x000000bd01b20000] [id=1924]
  0x0000026b01c9e800 ConcurrentGCThread "G1 Young RemSet Sampling" [stack: 0x000000bd01b20000,0x000000bd01d10000] [id=21312]

Threads with active compile tasks:
C2 CompilerThread0 674       4       jdk.internal.jimage.ImageLocation::getFullName (109 bytes)
C2 CompilerThread1 748       4       jdk.internal.jimage.ImageReader$SharedImageReader::lambda$handleModulesSubTree$1 (43 bytes)

VM state:not at safepoint (normal execution)

VM Mutex/Monitor currently owned by a thread: None

Heap address: 0x00000000c0000000, size: 1024 MB, Compressed Oops mode: 32-bit
Narrow klass base: 0x0000000000000000, Narrow klass shift: 3
Compressed class space size: 1073741824 Address: 0x0000000100000000

Heap:
 garbage-first heap   total 140288K, used 12720K [0x00000000c0000000, 0x0000000100000000)
  region size 1024K, 9 young (9216K), 1 survivors (1024K)
 Metaspace       used 9076K, capacity 9275K, committed 9344K, reserved 1058816K
  class space    used 793K, capacity 849K, committed 896K, reserved 1048576K
Heap Regions: E=young(eden), S=young(survivor), O=old, HS=humongous(starts), HC=humongous(continues), CS=collection set, F=free, A=archive, TAMS=top-at-mark-start (previous, next)
|   0|0x00000000c0000000, 0x00000000c0044810, 0x00000000c0100000| 26%| O|  |TAMS 0x00000000c0000000, 0x00000000c0000000| Untracked 
|   1|0x00000000c0100000, 0x00000000c0200000, 0x00000000c0200000|100%| O|  |TAMS 0x00000000c0100000, 0x00000000c0100000| Untracked 
|   2|0x00000000c0200000, 0x00000000c0300000, 0x00000000c0300000|100%| O|  |TAMS 0x00000000c0200000, 0x00000000c0200000| Untracked 
|   3|0x00000000c0300000, 0x00000000c0400000, 0x00000000c0400000|100%| O|  |TAMS 0x00000000c0300000, 0x00000000c0300000| Untracked 
|   4|0x00000000c0400000, 0x00000000c040d000, 0x00000000c0500000|  5%| O|  |TAMS 0x00000000c0400000, 0x00000000c0400000| Untracked 
|   5|0x00000000c0500000, 0x00000000c0500000, 0x00000000c0600000|  0%| F|  |TAMS 0x00000000c0500000, 0x00000000c0500000| Untracked 
|   6|0x00000000c0600000, 0x00000000c0600000, 0x00000000c0700000|  0%| F|  |TAMS 0x00000000c0600000, 0x00000000c0600000| Untracked 
|   7|0x00000000c0700000, 0x00000000c0700000, 0x00000000c0800000|  0%| F|  |TAMS 0x00000000c0700000, 0x00000000c0700000| Untracked 
|   8|0x00000000c0800000, 0x00000000c0800000, 0x00000000c0900000|  0%| F|  |TAMS 0x00000000c0800000, 0x00000000c0800000| Untracked 
|   9|0x00000000c0900000, 0x00000000c0984760, 0x00000000c0a00000| 51%| S|CS|TAMS 0x00000000c0900000, 0x00000000c0900000| Complete 
|  10|0x00000000c0a00000, 0x00000000c0a00000, 0x00000000c0b00000|  0%| F|  |TAMS 0x00000000c0a00000, 0x00000000c0a00000| Untracked 
|  11|0x00000000c0b00000, 0x00000000c0b00000, 0x00000000c0c00000|  0%| F|  |TAMS 0x00000000c0b00000, 0x00000000c0b00000| Untracked 
|  12|0x00000000c0c00000, 0x00000000c0c00000, 0x00000000c0d00000|  0%| F|  |TAMS 0x00000000c0c00000, 0x00000000c0c00000| Untracked 
|  13|0x00000000c0d00000, 0x00000000c0d00000, 0x00000000c0e00000|  0%| F|  |TAMS 0x00000000c0d00000, 0x00000000c0d00000| Untracked 
|  14|0x00000000c0e00000, 0x00000000c0e00000, 0x00000000c0f00000|  0%| F|  |TAMS 0x00000000c0e00000, 0x00000000c0e00000| Untracked 
|  15|0x00000000c0f00000, 0x00000000c0f00000, 0x00000000c1000000|  0%| F|  |TAMS 0x00000000c0f00000, 0x00000000c0f00000| Untracked 
|  16|0x00000000c1000000, 0x00000000c1000000, 0x00000000c1100000|  0%| F|  |TAMS 0x00000000c1000000, 0x00000000c1000000| Untracked 
|  17|0x00000000c1100000, 0x00000000c1100000, 0x00000000c1200000|  0%| F|  |TAMS 0x00000000c1100000, 0x00000000c1100000| Untracked 
|  18|0x00000000c1200000, 0x00000000c1200000, 0x00000000c1300000|  0%| F|  |TAMS 0x00000000c1200000, 0x00000000c1200000| Untracked 
|  19|0x00000000c1300000, 0x00000000c1300000, 0x00000000c1400000|  0%| F|  |TAMS 0x00000000c1300000, 0x00000000c1300000| Untracked 
|  20|0x00000000c1400000, 0x00000000c1400000, 0x00000000c1500000|  0%| F|  |TAMS 0x00000000c1400000, 0x00000000c1400000| Untracked 
|  21|0x00000000c1500000, 0x00000000c1500000, 0x00000000c1600000|  0%| F|  |TAMS 0x00000000c1500000, 0x00000000c1500000| Untracked 
|  22|0x00000000c1600000, 0x00000000c1600000, 0x00000000c1700000|  0%| F|  |TAMS 0x00000000c1600000, 0x00000000c1600000| Untracked 
|  23|0x00000000c1700000, 0x00000000c1700000, 0x00000000c1800000|  0%| F|  |TAMS 0x00000000c1700000, 0x00000000c1700000| Untracked 
|  24|0x00000000c1800000, 0x00000000c1800000, 0x00000000c1900000|  0%| F|  |TAMS 0x00000000c1800000, 0x00000000c1800000| Untracked 
|  25|0x00000000c1900000, 0x00000000c1900000, 0x00000000c1a00000|  0%| F|  |TAMS 0x00000000c1900000, 0x00000000c1900000| Untracked 
|  26|0x00000000c1a00000, 0x00000000c1a00000, 0x00000000c1b00000|  0%| F|  |TAMS 0x00000000c1a00000, 0x00000000c1a00000| Untracked 
|  27|0x00000000c1b00000, 0x00000000c1b00000, 0x00000000c1c00000|  0%| F|  |TAMS 0x00000000c1b00000, 0x00000000c1b00000| Untracked 
|  28|0x00000000c1c00000, 0x00000000c1c00000, 0x00000000c1d00000|  0%| F|  |TAMS 0x00000000c1c00000, 0x00000000c1c00000| Untracked 
|  29|0x00000000c1d00000, 0x00000000c1d00000, 0x00000000c1e00000|  0%| F|  |TAMS 0x00000000c1d00000, 0x00000000c1d00000| Untracked 
|  30|0x00000000c1e00000, 0x00000000c1e00000, 0x00000000c1f00000|  0%| F|  |TAMS 0x00000000c1e00000, 0x00000000c1e00000| Untracked 
|  31|0x00000000c1f00000, 0x00000000c1f00000, 0x00000000c2000000|  0%| F|  |TAMS 0x00000000c1f00000, 0x00000000c1f00000| Untracked 
|  32|0x00000000c2000000, 0x00000000c2000000, 0x00000000c2100000|  0%| F|  |TAMS 0x00000000c2000000, 0x00000000c2000000| Untracked 
|  33|0x00000000c2100000, 0x00000000c2100000, 0x00000000c2200000|  0%| F|  |TAMS 0x00000000c2100000, 0x00000000c2100000| Untracked 
|  34|0x00000000c2200000, 0x00000000c2200000, 0x00000000c2300000|  0%| F|  |TAMS 0x00000000c2200000, 0x00000000c2200000| Untracked 
|  35|0x00000000c2300000, 0x00000000c2300000, 0x00000000c2400000|  0%| F|  |TAMS 0x00000000c2300000, 0x00000000c2300000| Untracked 
|  36|0x00000000c2400000, 0x00000000c2400000, 0x00000000c2500000|  0%| F|  |TAMS 0x00000000c2400000, 0x00000000c2400000| Untracked 
|  37|0x00000000c2500000, 0x00000000c2500000, 0x00000000c2600000|  0%| F|  |TAMS 0x00000000c2500000, 0x00000000c2500000| Untracked 
|  38|0x00000000c2600000, 0x00000000c2600000, 0x00000000c2700000|  0%| F|  |TAMS 0x00000000c2600000, 0x00000000c2600000| Untracked 
|  39|0x00000000c2700000, 0x00000000c2700000, 0x00000000c2800000|  0%| F|  |TAMS 0x00000000c2700000, 0x00000000c2700000| Untracked 
|  40|0x00000000c2800000, 0x00000000c2800000, 0x00000000c2900000|  0%| F|  |TAMS 0x00000000c2800000, 0x00000000c2800000| Untracked 
|  41|0x00000000c2900000, 0x00000000c2900000, 0x00000000c2a00000|  0%| F|  |TAMS 0x00000000c2900000, 0x00000000c2900000| Untracked 
|  42|0x00000000c2a00000, 0x00000000c2a00000, 0x00000000c2b00000|  0%| F|  |TAMS 0x00000000c2a00000, 0x00000000c2a00000| Untracked 
|  43|0x00000000c2b00000, 0x00000000c2b00000, 0x00000000c2c00000|  0%| F|  |TAMS 0x00000000c2b00000, 0x00000000c2b00000| Untracked 
|  44|0x00000000c2c00000, 0x00000000c2c00000, 0x00000000c2d00000|  0%| F|  |TAMS 0x00000000c2c00000, 0x00000000c2c00000| Untracked 
|  45|0x00000000c2d00000, 0x00000000c2d00000, 0x00000000c2e00000|  0%| F|  |TAMS 0x00000000c2d00000, 0x00000000c2d00000| Untracked 
|  46|0x00000000c2e00000, 0x00000000c2e00000, 0x00000000c2f00000|  0%| F|  |TAMS 0x00000000c2e00000, 0x00000000c2e00000| Untracked 
|  47|0x00000000c2f00000, 0x00000000c2f00000, 0x00000000c3000000|  0%| F|  |TAMS 0x00000000c2f00000, 0x00000000c2f00000| Untracked 
|  48|0x00000000c3000000, 0x00000000c3000000, 0x00000000c3100000|  0%| F|  |TAMS 0x00000000c3000000, 0x00000000c3000000| Untracked 
|  49|0x00000000c3100000, 0x00000000c3100000, 0x00000000c3200000|  0%| F|  |TAMS 0x00000000c3100000, 0x00000000c3100000| Untracked 
|  50|0x00000000c3200000, 0x00000000c3200000, 0x00000000c3300000|  0%| F|  |TAMS 0x00000000c3200000, 0x00000000c3200000| Untracked 
|  51|0x00000000c3300000, 0x00000000c3300000, 0x00000000c3400000|  0%| F|  |TAMS 0x00000000c3300000, 0x00000000c3300000| Untracked 
|  52|0x00000000c3400000, 0x00000000c3400000, 0x00000000c3500000|  0%| F|  |TAMS 0x00000000c3400000, 0x00000000c3400000| Untracked 
|  53|0x00000000c3500000, 0x00000000c3500000, 0x00000000c3600000|  0%| F|  |TAMS 0x00000000c3500000, 0x00000000c3500000| Untracked 
|  54|0x00000000c3600000, 0x00000000c3600000, 0x00000000c3700000|  0%| F|  |TAMS 0x00000000c3600000, 0x00000000c3600000| Untracked 
|  55|0x00000000c3700000, 0x00000000c3700000, 0x00000000c3800000|  0%| F|  |TAMS 0x00000000c3700000, 0x00000000c3700000| Untracked 
|  56|0x00000000c3800000, 0x00000000c3800000, 0x00000000c3900000|  0%| F|  |TAMS 0x00000000c3800000, 0x00000000c3800000| Untracked 
|  57|0x00000000c3900000, 0x00000000c3900000, 0x00000000c3a00000|  0%| F|  |TAMS 0x00000000c3900000, 0x00000000c3900000| Untracked 
|  58|0x00000000c3a00000, 0x00000000c3a00000, 0x00000000c3b00000|  0%| F|  |TAMS 0x00000000c3a00000, 0x00000000c3a00000| Untracked 
|  59|0x00000000c3b00000, 0x00000000c3b00000, 0x00000000c3c00000|  0%| F|  |TAMS 0x00000000c3b00000, 0x00000000c3b00000| Untracked 
|  60|0x00000000c3c00000, 0x00000000c3c00000, 0x00000000c3d00000|  0%| F|  |TAMS 0x00000000c3c00000, 0x00000000c3c00000| Untracked 
|  61|0x00000000c3d00000, 0x00000000c3d00000, 0x00000000c3e00000|  0%| F|  |TAMS 0x00000000c3d00000, 0x00000000c3d00000| Untracked 
|  62|0x00000000c3e00000, 0x00000000c3e00000, 0x00000000c3f00000|  0%| F|  |TAMS 0x00000000c3e00000, 0x00000000c3e00000| Untracked 
|  63|0x00000000c3f00000, 0x00000000c3f00000, 0x00000000c4000000|  0%| F|  |TAMS 0x00000000c3f00000, 0x00000000c3f00000| Untracked 
|  64|0x00000000c4000000, 0x00000000c4000000, 0x00000000c4100000|  0%| F|  |TAMS 0x00000000c4000000, 0x00000000c4000000| Untracked 
|  65|0x00000000c4100000, 0x00000000c4100000, 0x00000000c4200000|  0%| F|  |TAMS 0x00000000c4100000, 0x00000000c4100000| Untracked 
|  66|0x00000000c4200000, 0x00000000c4200000, 0x00000000c4300000|  0%| F|  |TAMS 0x00000000c4200000, 0x00000000c4200000| Untracked 
|  67|0x00000000c4300000, 0x00000000c4300000, 0x00000000c4400000|  0%| F|  |TAMS 0x00000000c4300000, 0x00000000c4300000| Untracked 
|  68|0x00000000c4400000, 0x00000000c4400000, 0x00000000c4500000|  0%| F|  |TAMS 0x00000000c4400000, 0x00000000c4400000| Untracked 
|  69|0x00000000c4500000, 0x00000000c4500000, 0x00000000c4600000|  0%| F|  |TAMS 0x00000000c4500000, 0x00000000c4500000| Untracked 
|  70|0x00000000c4600000, 0x00000000c4600000, 0x00000000c4700000|  0%| F|  |TAMS 0x00000000c4600000, 0x00000000c4600000| Untracked 
|  71|0x00000000c4700000, 0x00000000c4700000, 0x00000000c4800000|  0%| F|  |TAMS 0x00000000c4700000, 0x00000000c4700000| Untracked 
|  72|0x00000000c4800000, 0x00000000c4800000, 0x00000000c4900000|  0%| F|  |TAMS 0x00000000c4800000, 0x00000000c4800000| Untracked 
|  73|0x00000000c4900000, 0x00000000c4900000, 0x00000000c4a00000|  0%| F|  |TAMS 0x00000000c4900000, 0x00000000c4900000| Untracked 
|  74|0x00000000c4a00000, 0x00000000c4a00000, 0x00000000c4b00000|  0%| F|  |TAMS 0x00000000c4a00000, 0x00000000c4a00000| Untracked 
|  75|0x00000000c4b00000, 0x00000000c4b00000, 0x00000000c4c00000|  0%| F|  |TAMS 0x00000000c4b00000, 0x00000000c4b00000| Untracked 
|  76|0x00000000c4c00000, 0x00000000c4c00000, 0x00000000c4d00000|  0%| F|  |TAMS 0x00000000c4c00000, 0x00000000c4c00000| Untracked 
|  77|0x00000000c4d00000, 0x00000000c4d00000, 0x00000000c4e00000|  0%| F|  |TAMS 0x00000000c4d00000, 0x00000000c4d00000| Untracked 
|  78|0x00000000c4e00000, 0x00000000c4e00000, 0x00000000c4f00000|  0%| F|  |TAMS 0x00000000c4e00000, 0x00000000c4e00000| Untracked 
|  79|0x00000000c4f00000, 0x00000000c4f00000, 0x00000000c5000000|  0%| F|  |TAMS 0x00000000c4f00000, 0x00000000c4f00000| Untracked 
|  80|0x00000000c5000000, 0x00000000c5000000, 0x00000000c5100000|  0%| F|  |TAMS 0x00000000c5000000, 0x00000000c5000000| Untracked 
|  81|0x00000000c5100000, 0x00000000c5100000, 0x00000000c5200000|  0%| F|  |TAMS 0x00000000c5100000, 0x00000000c5100000| Untracked 
|  82|0x00000000c5200000, 0x00000000c5200000, 0x00000000c5300000|  0%| F|  |TAMS 0x00000000c5200000, 0x00000000c5200000| Untracked 
|  83|0x00000000c5300000, 0x00000000c5300000, 0x00000000c5400000|  0%| F|  |TAMS 0x00000000c5300000, 0x00000000c5300000| Untracked 
|  84|0x00000000c5400000, 0x00000000c5400000, 0x00000000c5500000|  0%| F|  |TAMS 0x00000000c5400000, 0x00000000c5400000| Untracked 
|  85|0x00000000c5500000, 0x00000000c5500000, 0x00000000c5600000|  0%| F|  |TAMS 0x00000000c5500000, 0x00000000c5500000| Untracked 
|  86|0x00000000c5600000, 0x00000000c5600000, 0x00000000c5700000|  0%| F|  |TAMS 0x00000000c5600000, 0x00000000c5600000| Untracked 
|  87|0x00000000c5700000, 0x00000000c5759c10, 0x00000000c5800000| 35%| O|  |TAMS 0x00000000c5700000, 0x00000000c5700000| Untracked 
|  88|0x00000000c5800000, 0x00000000c5838778, 0x00000000c5900000| 22%| O|  |TAMS 0x00000000c5800000, 0x00000000c5800000| Untracked 
|  89|0x00000000c5900000, 0x00000000c5970040, 0x00000000c5a00000| 43%| O|  |TAMS 0x00000000c5900000, 0x00000000c5900000| Untracked 
|  90|0x00000000c5a00000, 0x00000000c5a69a58, 0x00000000c5b00000| 41%| O|  |TAMS 0x00000000c5a00000, 0x00000000c5a00000| Untracked 
|  91|0x00000000c5b00000, 0x00000000c5b00000, 0x00000000c5c00000|  0%| F|  |TAMS 0x00000000c5b00000, 0x00000000c5b00000| Untracked 
|  92|0x00000000c5c00000, 0x00000000c5c2a370, 0x00000000c5d00000| 16%| O|  |TAMS 0x00000000c5c00000, 0x00000000c5c00000| Untracked 
|  93|0x00000000c5d00000, 0x00000000c5d00000, 0x00000000c5e00000|  0%| F|  |TAMS 0x00000000c5d00000, 0x00000000c5d00000| Untracked 
|  94|0x00000000c5e00000, 0x00000000c5e00000, 0x00000000c5f00000|  0%| F|  |TAMS 0x00000000c5e00000, 0x00000000c5e00000| Untracked 
|  95|0x00000000c5f00000, 0x00000000c5f00000, 0x00000000c6000000|  0%| F|  |TAMS 0x00000000c5f00000, 0x00000000c5f00000| Untracked 
|  96|0x00000000c6000000, 0x00000000c6000000, 0x00000000c6100000|  0%| F|  |TAMS 0x00000000c6000000, 0x00000000c6000000| Untracked 
|  97|0x00000000c6100000, 0x00000000c6100000, 0x00000000c6200000|  0%| F|  |TAMS 0x00000000c6100000, 0x00000000c6100000| Untracked 
|  98|0x00000000c6200000, 0x00000000c6200000, 0x00000000c6300000|  0%| F|  |TAMS 0x00000000c6200000, 0x00000000c6200000| Untracked 
|  99|0x00000000c6300000, 0x00000000c6300000, 0x00000000c6400000|  0%| F|  |TAMS 0x00000000c6300000, 0x00000000c6300000| Untracked 
| 100|0x00000000c6400000, 0x00000000c6400000, 0x00000000c6500000|  0%| F|  |TAMS 0x00000000c6400000, 0x00000000c6400000| Untracked 
| 101|0x00000000c6500000, 0x00000000c6500000, 0x00000000c6600000|  0%| F|  |TAMS 0x00000000c6500000, 0x00000000c6500000| Untracked 
| 102|0x00000000c6600000, 0x00000000c6600000, 0x00000000c6700000|  0%| F|  |TAMS 0x00000000c6600000, 0x00000000c6600000| Untracked 
| 103|0x00000000c6700000, 0x00000000c6700000, 0x00000000c6800000|  0%| F|  |TAMS 0x00000000c6700000, 0x00000000c6700000| Untracked 
| 104|0x00000000c6800000, 0x00000000c6800000, 0x00000000c6900000|  0%| F|  |TAMS 0x00000000c6800000, 0x00000000c6800000| Untracked 
| 105|0x00000000c6900000, 0x00000000c6900000, 0x00000000c6a00000|  0%| F|  |TAMS 0x00000000c6900000, 0x00000000c6900000| Untracked 
| 106|0x00000000c6a00000, 0x00000000c6a00000, 0x00000000c6b00000|  0%| F|  |TAMS 0x00000000c6a00000, 0x00000000c6a00000| Untracked 
| 107|0x00000000c6b00000, 0x00000000c6b00000, 0x00000000c6c00000|  0%| F|  |TAMS 0x00000000c6b00000, 0x00000000c6b00000| Untracked 
| 108|0x00000000c6c00000, 0x00000000c6c00000, 0x00000000c6d00000|  0%| F|  |TAMS 0x00000000c6c00000, 0x00000000c6c00000| Untracked 
| 109|0x00000000c6d00000, 0x00000000c6d00000, 0x00000000c6e00000|  0%| F|  |TAMS 0x00000000c6d00000, 0x00000000c6d00000| Untracked 
| 110|0x00000000c6e00000, 0x00000000c6e00000, 0x00000000c6f00000|  0%| F|  |TAMS 0x00000000c6e00000, 0x00000000c6e00000| Untracked 
| 111|0x00000000c6f00000, 0x00000000c6f00000, 0x00000000c7000000|  0%| F|  |TAMS 0x00000000c6f00000, 0x00000000c6f00000| Untracked 
| 112|0x00000000c7000000, 0x00000000c7000000, 0x00000000c7100000|  0%| F|  |TAMS 0x00000000c7000000, 0x00000000c7000000| Untracked 
| 113|0x00000000c7100000, 0x00000000c7100000, 0x00000000c7200000|  0%| F|  |TAMS 0x00000000c7100000, 0x00000000c7100000| Untracked 
| 114|0x00000000c7200000, 0x00000000c7200000, 0x00000000c7300000|  0%| F|  |TAMS 0x00000000c7200000, 0x00000000c7200000| Untracked 
| 115|0x00000000c7300000, 0x00000000c7300000, 0x00000000c7400000|  0%| F|  |TAMS 0x00000000c7300000, 0x00000000c7300000| Untracked 
| 116|0x00000000c7400000, 0x00000000c7400000, 0x00000000c7500000|  0%| F|  |TAMS 0x00000000c7400000, 0x00000000c7400000| Untracked 
| 117|0x00000000c7500000, 0x00000000c7500000, 0x00000000c7600000|  0%| F|  |TAMS 0x00000000c7500000, 0x00000000c7500000| Untracked 
| 118|0x00000000c7600000, 0x00000000c7600000, 0x00000000c7700000|  0%| F|  |TAMS 0x00000000c7600000, 0x00000000c7600000| Untracked 
| 119|0x00000000c7700000, 0x00000000c7700000, 0x00000000c7800000|  0%| F|  |TAMS 0x00000000c7700000, 0x00000000c7700000| Untracked 
| 120|0x00000000c7800000, 0x00000000c7800000, 0x00000000c7900000|  0%| F|  |TAMS 0x00000000c7800000, 0x00000000c7800000| Untracked 
| 121|0x00000000c7900000, 0x00000000c7900000, 0x00000000c7a00000|  0%| F|  |TAMS 0x00000000c7900000, 0x00000000c7900000| Untracked 
| 122|0x00000000c7a00000, 0x00000000c7a00000, 0x00000000c7b00000|  0%| F|  |TAMS 0x00000000c7a00000, 0x00000000c7a00000| Untracked 
| 123|0x00000000c7b00000, 0x00000000c7b00000, 0x00000000c7c00000|  0%| F|  |TAMS 0x00000000c7b00000, 0x00000000c7b00000| Untracked 
| 124|0x00000000c7c00000, 0x00000000c7c00000, 0x00000000c7d00000|  0%| F|  |TAMS 0x00000000c7c00000, 0x00000000c7c00000| Untracked 
| 125|0x00000000c7d00000, 0x00000000c7d00000, 0x00000000c7e00000|  0%| F|  |TAMS 0x00000000c7d00000, 0x00000000c7d00000| Untracked 
| 126|0x00000000c7e00000, 0x00000000c7e00000, 0x00000000c7f00000|  0%| F|  |TAMS 0x00000000c7e00000, 0x00000000c7e00000| Untracked 
| 127|0x00000000c7f00000, 0x00000000c7f00000, 0x00000000c8000000|  0%| F|  |TAMS 0x00000000c7f00000, 0x00000000c7f00000| Untracked 
| 128|0x00000000c8000000, 0x00000000c8000000, 0x00000000c8100000|  0%| F|  |TAMS 0x00000000c8000000, 0x00000000c8000000| Untracked 
| 129|0x00000000c8100000, 0x00000000c8200000, 0x00000000c8200000|100%| E|  |TAMS 0x00000000c8100000, 0x00000000c8100000| Complete 
| 130|0x00000000c8200000, 0x00000000c8300000, 0x00000000c8300000|100%| E|CS|TAMS 0x00000000c8200000, 0x00000000c8200000| Complete 
| 131|0x00000000c8300000, 0x00000000c8400000, 0x00000000c8400000|100%| E|CS|TAMS 0x00000000c8300000, 0x00000000c8300000| Complete 
| 132|0x00000000c8400000, 0x00000000c8500000, 0x00000000c8500000|100%| E|CS|TAMS 0x00000000c8400000, 0x00000000c8400000| Complete 
| 133|0x00000000c8500000, 0x00000000c8600000, 0x00000000c8600000|100%| E|CS|TAMS 0x00000000c8500000, 0x00000000c8500000| Complete 
| 134|0x00000000c8600000, 0x00000000c8700000, 0x00000000c8700000|100%| E|CS|TAMS 0x00000000c8600000, 0x00000000c8600000| Complete 
| 135|0x00000000c8700000, 0x00000000c8800000, 0x00000000c8800000|100%| E|CS|TAMS 0x00000000c8700000, 0x00000000c8700000| Complete 
| 136|0x00000000c8800000, 0x00000000c8900000, 0x00000000c8900000|100%| E|CS|TAMS 0x00000000c8800000, 0x00000000c8800000| Complete 

Card table byte_map: [0x0000026b00ca0000,0x0000026b00ea0000] _byte_map_base: 0x0000026b006a0000

Marking Bits (Prev, Next): (CMBitMap*) 0x0000026b7b63d118, (CMBitMap*) 0x0000026b7b63d150
 Prev Bits: [0x0000026b1b0a0000, 0x0000026b1c0a0000)
 Next Bits: [0x0000026b1c0a0000, 0x0000026b1d0a0000)

Polling page: 0x0000026b00010000

Metaspace:

Usage:
  Non-class:      8.29 MB capacity,     8.13 MB ( 98%) used,   153.09 KB (  2%) free+waste,     7.88 KB ( <1%) overhead. 
      Class:    881.00 KB capacity,   796.16 KB ( 90%) used,    81.72 KB (  9%) free+waste,     3.13 KB ( <1%) overhead. 
       Both:      9.15 MB capacity,     8.91 MB ( 97%) used,   234.80 KB (  3%) free+waste,    11.00 KB ( <1%) overhead. 

Virtual space:
  Non-class space:       10.00 MB reserved,       8.50 MB ( 85%) committed 
      Class space:        1.00 GB reserved,     896.00 KB ( <1%) committed 
             Both:        1.01 GB reserved,       9.38 MB ( <1%) committed 

Chunk freelists:
   Non-Class:  2.75 KB
       Class:  1.88 KB
        Both:  4.63 KB

CodeHeap 'non-profiled nmethods': size=120000Kb used=364Kb max_used=364Kb free=119635Kb
 bounds [0x0000026b13970000, 0x0000026b13be0000, 0x0000026b1aea0000]
CodeHeap 'profiled nmethods': size=120000Kb used=1627Kb max_used=1627Kb free=118372Kb
 bounds [0x0000026b0c440000, 0x0000026b0c6b0000, 0x0000026b13970000]
CodeHeap 'non-nmethods': size=5760Kb used=1071Kb max_used=1087Kb free=4688Kb
 bounds [0x0000026b0bea0000, 0x0000026b0c110000, 0x0000026b0c440000]
 total_blobs=1531 nmethods=893 adapters=279
 compilation: enabled
              stopped_count=0, restarted_count=0
 full_count=0

Compilation events (10 events):
Event: 0.803 Thread 0x0000026b01e94800 nmethod 442 0x0000026b0c4fc810 code [0x0000026b0c4fca00, 0x0000026b0c4fced0]
Event: 0.803 Thread 0x0000026b01e94800  443       3       java.lang.reflect.Executable::getDeclaredAnnotations (8 bytes)
Event: 0.803 Thread 0x0000026b01e94800 nmethod 443 0x0000026b0c4fd010 code [0x0000026b0c4fd200, 0x0000026b0c4fd670]
Event: 0.803 Thread 0x0000026b01e94800  444       3       sun.reflect.annotation.AnnotationParser::toArray (18 bytes)
Event: 0.803 Thread 0x0000026b01e94800 nmethod 444 0x0000026b0c4fd790 code [0x0000026b0c4fd960, 0x0000026b0c4fdd20]
Event: 0.803 Thread 0x0000026b01e94800  445       3       java.lang.reflect.Method::specificToStringHeader (44 bytes)
Event: 0.803 Thread 0x0000026b01e94800 nmethod 445 0x0000026b0c4fde10 code [0x0000026b0c4fe060, 0x0000026b0c4fe590]
Event: 0.803 Thread 0x0000026b01e94800  446       3       java.lang.ref.Reference::reachabilityFence (1 bytes)
Event: 0.803 Thread 0x0000026b01e94800 nmethod 446 0x0000026b0c4fe810 code [0x0000026b0c4fe9c0, 0x0000026b0c4feaf8]
Event: 0.803 Thread 0x0000026b01e92000  447       4       java.lang.AbstractStringBuilder::append (77 bytes)

GC Heap History (2 events):
Event: 0.721 GC heap before
{Heap before GC invocations=0 (full 0):
 garbage-first heap   total 260096K, used 4096K [0x00000000c0000000, 0x0000000100000000)
  region size 1024K, 6 young (6144K), 0 survivors (0K)
 Metaspace       used 6700K, capacity 6841K, committed 7040K, reserved 1056768K
  class space    used 581K, capacity 636K, committed 640K, reserved 1048576K
}
Event: 0.726 GC heap after
{Heap after GC invocations=1 (full 1):
 garbage-first heap   total 20480K, used 1898K [0x00000000c0000000, 0x0000000100000000)
  region size 1024K, 0 young (0K), 0 survivors (0K)
 Metaspace       used 6700K, capacity 6841K, committed 7040K, reserved 1056768K
  class space    used 581K, capacity 636K, committed 640K, reserved 1048576K
}

Deoptimization events (7 events):
Event: 0.231 Thread 0x0000026b769d0800 Uncommon trap: reason=unstable_if action=reinterpret pc=0x0000026b1397526c method=java.lang.String.hashCode()I @ 14 c2
Event: 0.252 Thread 0x0000026b769d0800 Uncommon trap: reason=unstable_if action=reinterpret pc=0x0000026b139785e0 method=java.util.zip.ZipInputStream.read([BII)I @ 50 c2
Event: 0.259 Thread 0x0000026b769d0800 Uncommon trap: reason=unstable_if action=reinterpret pc=0x0000026b13979574 method=java.util.zip.ZipInputStream.read([BII)I @ 50 c2
Event: 0.714 Thread 0x0000026b769d0800 Uncommon trap: reason=profile_predicate action=maybe_recompile pc=0x0000026b139912f0 method=java.lang.PublicMethods$MethodList.filter([Ljava/lang/reflect/Method;Ljava/lang/String;[Ljava/lang/Class;Z)Ljava/lang/PublicMethods$MethodList; @ 21 c2
Event: 0.714 Thread 0x0000026b769d0800 Uncommon trap: reason=profile_predicate action=maybe_recompile pc=0x0000026b139912f0 method=java.lang.PublicMethods$MethodList.filter([Ljava/lang/reflect/Method;Ljava/lang/String;[Ljava/lang/Class;Z)Ljava/lang/PublicMethods$MethodList; @ 21 c2
Event: 0.714 Thread 0x0000026b769d0800 Uncommon trap: reason=profile_predicate action=maybe_recompile pc=0x0000026b139912f0 method=java.lang.PublicMethods$MethodList.filter([Ljava/lang/reflect/Method;Ljava/lang/String;[Ljava/lang/Class;Z)Ljava/lang/PublicMethods$MethodList; @ 21 c2
Event: 0.714 Thread 0x0000026b769d0800 Uncommon trap: reason=profile_predicate action=maybe_recompile pc=0x0000026b139912f0 method=java.lang.PublicMethods$MethodList.filter([Ljava/lang/reflect/Method;Ljava/lang/String;[Ljava/lang/Class;Z)Ljava/lang/PublicMethods$MethodList; @ 21 c2

Classes redefined (0 events):
No events

Internal exceptions (2 events):
Event: 0.200 Thread 0x0000026b769d0800 Exception <a 'java/io/IOException'{0x00000000cfc13b20}: Bad pathname> (0x00000000cfc13b20) thrown at [t:/workspace/open/src/hotspot/share/prims/jni.cpp, line 636]
Event: 0.202 Thread 0x0000026b769d0800 Exception <a 'java/io/IOException'{0x00000000cfc1a410}: Bad pathname> (0x00000000cfc1a410) thrown at [t:/workspace/open/src/hotspot/share/prims/jni.cpp, line 636]

Events (10 events):
Event: 0.720 Executing VM operation: G1CollectFull
Event: 0.726 Executing VM operation: G1CollectFull done
Event: 0.727 loading class java/math/BigInteger
Event: 0.728 loading class java/math/BigInteger done
Event: 0.729 loading class java/lang/Long$LongCache
Event: 0.730 loading class java/lang/Long$LongCache done
Event: 0.803 loading class org/jpype/JPypeKeywords
Event: 0.803 loading class org/jpype/JPypeKeywords done
Event: 0.804 loading class org/jpype/pkg/JPypePackageManager
Event: 0.804 loading class org/jpype/pkg/JPypePackageManager done


Dynamic libraries:
0x00007ff6cafc0000 - 0x00007ff6cafdc000 	C:\Users\bitcamp\.conda\envs\venv\python.exe
0x00007ff9f1b70000 - 0x00007ff9f1d65000 	C:\WINDOWS\SYSTEM32\ntdll.dll
0x00007ff9f18d0000 - 0x00007ff9f198e000 	C:\WINDOWS\System32\KERNEL32.DLL
0x00007ff9ef590000 - 0x00007ff9ef859000 	C:\WINDOWS\System32\KERNELBASE.dll
0x00007ff9efac0000 - 0x00007ff9efbc0000 	C:\WINDOWS\System32\ucrtbase.dll
0x00007ff980890000 - 0x00007ff980cc2000 	C:\Users\bitcamp\.conda\envs\venv\python38.dll
0x00007ff9e3030000 - 0x00007ff9e3049000 	C:\Users\bitcamp\.conda\envs\venv\VCRUNTIME140.dll
0x00007ff9f1990000 - 0x00007ff9f19e5000 	C:\WINDOWS\System32\SHLWAPI.dll
0x00007ff9f0c10000 - 0x00007ff9f0cae000 	C:\WINDOWS\System32\msvcrt.dll
0x00007ff9ec4a0000 - 0x00007ff9ec4aa000 	C:\WINDOWS\SYSTEM32\VERSION.dll
0x00007ff9f1020000 - 0x00007ff9f108b000 	C:\WINDOWS\System32\WS2_32.dll
0x00007ff9f1090000 - 0x00007ff9f11ba000 	C:\WINDOWS\System32\RPCRT4.dll
0x00007ff9f1270000 - 0x00007ff9f131c000 	C:\WINDOWS\System32\ADVAPI32.dll
0x00007ff9f0130000 - 0x00007ff9f01cb000 	C:\WINDOWS\System32\sechost.dll
0x00007ff9eeba0000 - 0x00007ff9eebb8000 	C:\WINDOWS\SYSTEM32\CRYPTSP.dll
0x00007ff9ee2b0000 - 0x00007ff9ee2e4000 	C:\WINDOWS\system32\rsaenh.dll
0x00007ff9ef860000 - 0x00007ff9ef887000 	C:\WINDOWS\System32\bcrypt.dll
0x00007ff9eebc0000 - 0x00007ff9eebcc000 	C:\WINDOWS\SYSTEM32\CRYPTBASE.dll
0x00007ff9ef290000 - 0x00007ff9ef313000 	C:\WINDOWS\System32\bcryptPrimitives.dll
0x00007ff9ea350000 - 0x00007ff9ea35f000 	C:\Users\bitcamp\.conda\envs\venv\python3.DLL
0x00007ff9e3010000 - 0x00007ff9e3027000 	C:\Users\bitcamp\.conda\envs\venv\DLLs\_bz2.pyd
0x00007ff9d46f0000 - 0x00007ff9d471a000 	C:\Users\bitcamp\.conda\envs\venv\DLLs\_lzma.pyd
0x00007ff9c9b00000 - 0x00007ff9c9b16000 	C:\Users\bitcamp\.conda\envs\venv\DLLs\_socket.pyd
0x00007ff9ee680000 - 0x00007ff9ee6bb000 	C:\WINDOWS\SYSTEM32\IPHLPAPI.DLL
0x00007ff9e3070000 - 0x00007ff9e3079000 	C:\Users\bitcamp\.conda\envs\venv\DLLs\select.pyd
0x00007ff9c1c40000 - 0x00007ff9c1c67000 	C:\Users\bitcamp\.conda\envs\venv\DLLs\_ssl.pyd
0x00007ff9ef430000 - 0x00007ff9ef586000 	C:\WINDOWS\System32\CRYPT32.dll
0x00007ff977000000 - 0x00007ff97734c000 	C:\Users\bitcamp\.conda\envs\venv\Library\bin\libcrypto-1_1-x64.dll
0x00007ff9c63b0000 - 0x00007ff9c645c000 	C:\Users\bitcamp\.conda\envs\venv\Library\bin\libssl-1_1-x64.dll
0x00007ff9f0cb0000 - 0x00007ff9f0e51000 	C:\WINDOWS\System32\USER32.dll
0x00007ff9efa90000 - 0x00007ff9efab2000 	C:\WINDOWS\System32\win32u.dll
0x00007ff9f01e0000 - 0x00007ff9f020b000 	C:\WINDOWS\System32\GDI32.dll
0x00007ff9ef980000 - 0x00007ff9efa8b000 	C:\WINDOWS\System32\gdi32full.dll
0x00007ff9ef890000 - 0x00007ff9ef92d000 	C:\WINDOWS\System32\msvcp_win.dll
0x00007ff9f1b00000 - 0x00007ff9f1b30000 	C:\WINDOWS\System32\IMM32.DLL
0x00007ff9c2060000 - 0x00007ff9c2072000 	C:\Users\bitcamp\.conda\envs\venv\DLLs\_asyncio.pyd
0x00007ff9e2850000 - 0x00007ff9e285d000 	C:\Users\bitcamp\.conda\envs\venv\DLLs\_overlapped.pyd
0x00007ff9ee9f0000 - 0x00007ff9eea5a000 	C:\WINDOWS\system32\mswsock.dll
0x00007ff9e2f70000 - 0x00007ff9e2f79000 	C:\Users\bitcamp\.conda\envs\venv\DLLs\_queue.pyd
0x00007ff9e4c30000 - 0x00007ff9e4c3d000 	C:\Users\bitcamp\.conda\envs\venv\DLLs\_hashlib.pyd
0x00007ff9e2fa0000 - 0x00007ff9e2fc0000 	C:\Users\bitcamp\.conda\envs\venv\DLLs\_ctypes.pyd
0x00007ff9f17a0000 - 0x00007ff9f18ca000 	C:\WINDOWS\System32\ole32.dll
0x00007ff9e7000000 - 0x00007ff9e700b000 	C:\Users\bitcamp\.conda\envs\venv\DLLs\libffi-7.dll
0x00007ff9efdd0000 - 0x00007ff9f0125000 	C:\WINDOWS\System32\combase.dll
0x00007ff9f0400000 - 0x00007ff9f04cd000 	C:\WINDOWS\System32\OLEAUT32.dll
0x00007ff9d4390000 - 0x00007ff9d43d3000 	C:\Users\bitcamp\.conda\envs\venv\DLLs\_decimal.pyd
0x00007ff9b3100000 - 0x00007ff9b320e000 	C:\Users\bitcamp\.conda\envs\venv\DLLs\unicodedata.pyd
0x00007ff9dd7e0000 - 0x00007ff9dd830000 	C:\Users\bitcamp\.conda\envs\venv\lib\site-packages\MySQLdb\_mysql.cp38-win_amd64.pyd
0x00007ff9e5780000 - 0x00007ff9e5789000 	C:\WINDOWS\SYSTEM32\WSOCK32.dll
0x00007ff9e4390000 - 0x00007ff9e439c000 	C:\WINDOWS\SYSTEM32\Secur32.dll
0x00007ff9ef150000 - 0x00007ff9ef181000 	C:\WINDOWS\SYSTEM32\SSPICLI.DLL
0x00007ff9df2c0000 - 0x00007ff9df2d7000 	C:\WINDOWS\system32\napinsp.dll
0x00007ff9df2a0000 - 0x00007ff9df2bb000 	C:\WINDOWS\system32\pnrpnsp.dll
0x00007ff9de9c0000 - 0x00007ff9de9d5000 	C:\WINDOWS\system32\wshbth.dll
0x00007ff9ea140000 - 0x00007ff9ea15d000 	C:\WINDOWS\system32\NLAapi.dll
0x00007ff9ee6c0000 - 0x00007ff9ee78c000 	C:\WINDOWS\SYSTEM32\DNSAPI.dll
0x00007ff9f01d0000 - 0x00007ff9f01d8000 	C:\WINDOWS\System32\NSI.dll
0x00007ff9de9a0000 - 0x00007ff9de9b2000 	C:\WINDOWS\System32\winrnr.dll
0x00007ff9e8710000 - 0x00007ff9e871a000 	C:\Windows\System32\rasadhlp.dll
0x0000000066d80000 - 0x0000000068b11000 	C:\Users\bitcamp\AppData\Roaming\Python\Python38\site-packages\numpy\.libs\libopenblas.WCDJNK7YVMPZQ2ME2ZZHJJRJ3JIKNDB7.gfortran-win_amd64.dll
0x00007ff9c1c70000 - 0x00007ff9c1f39000 	C:\Users\bitcamp\AppData\Roaming\Python\Python38\site-packages\numpy\core\_multiarray_umath.cp38-win_amd64.pyd
0x00007ff9d46d0000 - 0x00007ff9d46ef000 	C:\Users\bitcamp\AppData\Roaming\Python\Python38\site-packages\numpy\core\_multiarray_tests.cp38-win_amd64.pyd
0x00007ff9e5520000 - 0x00007ff9e5529000 	C:\Users\bitcamp\AppData\Roaming\Python\Python38\site-packages\numpy\linalg\lapack_lite.cp38-win_amd64.pyd
0x00007ff9d4610000 - 0x00007ff9d463a000 	C:\Users\bitcamp\AppData\Roaming\Python\Python38\site-packages\numpy\linalg\_umath_linalg.cp38-win_amd64.pyd
0x00007ff9d46b0000 - 0x00007ff9d46d0000 	C:\Users\bitcamp\AppData\Roaming\Python\Python38\site-packages\numpy\fft\_pocketfft_internal.cp38-win_amd64.pyd
0x00007ff9d1c10000 - 0x00007ff9d1ca0000 	C:\Users\bitcamp\AppData\Roaming\Python\Python38\site-packages\numpy\random\mtrand.cp38-win_amd64.pyd
0x00007ff9d4360000 - 0x00007ff9d4389000 	C:\Users\bitcamp\AppData\Roaming\Python\Python38\site-packages\numpy\random\bit_generator.cp38-win_amd64.pyd
0x00007ff9d42c0000 - 0x00007ff9d42f2000 	C:\Users\bitcamp\AppData\Roaming\Python\Python38\site-packages\numpy\random\_common.cp38-win_amd64.pyd
0x00007ff9d1bd0000 - 0x00007ff9d1c10000 	C:\Users\bitcamp\AppData\Roaming\Python\Python38\site-packages\numpy\random\_bounded_integers.cp38-win_amd64.pyd
0x00007ff9d45f0000 - 0x00007ff9d4608000 	C:\Users\bitcamp\AppData\Roaming\Python\Python38\site-packages\numpy\random\_mt19937.cp38-win_amd64.pyd
0x00007ff9d42a0000 - 0x00007ff9d42b7000 	C:\Users\bitcamp\AppData\Roaming\Python\Python38\site-packages\numpy\random\_philox.cp38-win_amd64.pyd
0x00007ff9d1bb0000 - 0x00007ff9d1bc5000 	C:\Users\bitcamp\AppData\Roaming\Python\Python38\site-packages\numpy\random\_pcg64.cp38-win_amd64.pyd
0x00007ff9d1b90000 - 0x00007ff9d1ba2000 	C:\Users\bitcamp\AppData\Roaming\Python\Python38\site-packages\numpy\random\_sfc64.cp38-win_amd64.pyd
0x00007ff9d1ae0000 - 0x00007ff9d1b85000 	C:\Users\bitcamp\AppData\Roaming\Python\Python38\site-packages\numpy\random\_generator.cp38-win_amd64.pyd
0x00007ff9ce090000 - 0x00007ff9ce19c000 	C:\Users\bitcamp\.conda\envs\venv\lib\site-packages\pandas\_libs\interval.cp38-win_amd64.pyd
0x00007ff9cdf90000 - 0x00007ff9ce088000 	C:\Users\bitcamp\.conda\envs\venv\lib\site-packages\pandas\_libs\hashtable.cp38-win_amd64.pyd
0x00007ff9dd750000 - 0x00007ff9dd77b000 	C:\Users\bitcamp\.conda\envs\venv\lib\site-packages\pandas\_libs\missing.cp38-win_amd64.pyd
0x00007ff9dd970000 - 0x00007ff9dd98e000 	C:\Users\bitcamp\.conda\envs\venv\lib\site-packages\pandas\_libs\tslibs\dtypes.cp38-win_amd64.pyd
0x00007ff9cdf50000 - 0x00007ff9cdf8c000 	C:\Users\bitcamp\.conda\envs\venv\lib\site-packages\pandas\_libs\tslibs\conversion.cp38-win_amd64.pyd
0x00007ff9dd940000 - 0x00007ff9dd94f000 	C:\Users\bitcamp\.conda\envs\venv\lib\site-packages\pandas\_libs\tslibs\base.cp38-win_amd64.pyd
0x00007ff9cdf10000 - 0x00007ff9cdf42000 	C:\Users\bitcamp\.conda\envs\venv\lib\site-packages\pandas\_libs\tslibs\nattype.cp38-win_amd64.pyd
0x00007ff9dd7d0000 - 0x00007ff9dd7df000 	C:\Users\bitcamp\.conda\envs\venv\lib\site-packages\pandas\_libs\tslibs\np_datetime.cp38-win_amd64.pyd
0x00007ff9cded0000 - 0x00007ff9cdf04000 	C:\Users\bitcamp\.conda\envs\venv\lib\site-packages\pandas\_libs\tslibs\timezones.cp38-win_amd64.pyd
0x00007ff9cde90000 - 0x00007ff9cdecc000 	C:\Users\bitcamp\.conda\envs\venv\lib\site-packages\pandas\_libs\tslibs\tzconversion.cp38-win_amd64.pyd
0x00007ff9d4b80000 - 0x00007ff9d4b92000 	C:\Users\bitcamp\.conda\envs\venv\lib\site-packages\pandas\_libs\tslibs\ccalendar.cp38-win_amd64.pyd
0x00007ff9cde30000 - 0x00007ff9cde81000 	C:\Users\bitcamp\.conda\envs\venv\lib\site-packages\pandas\_libs\tslibs\parsing.cp38-win_amd64.pyd
0x00007ff9cdd60000 - 0x00007ff9cde28000 	C:\Users\bitcamp\.conda\envs\venv\lib\site-packages\pandas\_libs\tslibs\offsets.cp38-win_amd64.pyd
0x00007ff9cdd00000 - 0x00007ff9cdd5d000 	C:\Users\bitcamp\.conda\envs\venv\lib\site-packages\pandas\_libs\tslibs\timedeltas.cp38-win_amd64.pyd
0x00007ff9cdca0000 - 0x00007ff9cdd00000 	C:\Users\bitcamp\.conda\envs\venv\lib\site-packages\pandas\_libs\tslibs\timestamps.cp38-win_amd64.pyd
0x00007ff9cdc60000 - 0x00007ff9cdc98000 	C:\Users\bitcamp\.conda\envs\venv\lib\site-packages\pandas\_libs\tslibs\fields.cp38-win_amd64.pyd
0x00007ff9c6d00000 - 0x00007ff9c6d4e000 	C:\Users\bitcamp\.conda\envs\venv\lib\site-packages\pandas\_libs\tslibs\strptime.cp38-win_amd64.pyd
0x00007ff9cdbe0000 - 0x00007ff9cdbf3000 	C:\Users\bitcamp\.conda\envs\venv\lib\site-packages\pandas\_libs\properties.cp38-win_amd64.pyd
0x00007ff9c6b40000 - 0x00007ff9c6b9b000 	C:\Users\bitcamp\.conda\envs\venv\lib\site-packages\pandas\_libs\tslibs\period.cp38-win_amd64.pyd
0x00007ff9c6c10000 - 0x00007ff9c6c44000 	C:\Users\bitcamp\.conda\envs\venv\lib\site-packages\pandas\_libs\tslibs\vectorized.cp38-win_amd64.pyd
0x00007ff9c6ce0000 - 0x00007ff9c6cf2000 	C:\Users\bitcamp\.conda\envs\venv\lib\site-packages\pandas\_libs\ops_dispatch.cp38-win_amd64.pyd
0x00007ff9b7350000 - 0x00007ff9b7486000 	C:\Users\bitcamp\.conda\envs\venv\lib\site-packages\pandas\_libs\algos.cp38-win_amd64.pyd
0x00007ff9c67d0000 - 0x00007ff9c6842000 	C:\Users\bitcamp\.conda\envs\venv\lib\site-packages\pandas\_libs\lib.cp38-win_amd64.pyd
0x00007ff9c66f0000 - 0x00007ff9c6716000 	C:\Users\bitcamp\.conda\envs\venv\lib\site-packages\pandas\_libs\tslib.cp38-win_amd64.pyd
0x00007ff9c66c0000 - 0x00007ff9c66eb000 	C:\Users\bitcamp\.conda\envs\venv\lib\site-packages\pandas\_libs\hashing.cp38-win_amd64.pyd
0x00007ff9b7600000 - 0x00007ff9b7632000 	C:\Users\bitcamp\.conda\envs\venv\lib\site-packages\pandas\_libs\ops.cp38-win_amd64.pyd
0x00007ff9c6480000 - 0x00007ff9c6499000 	C:\Users\bitcamp\.conda\envs\venv\lib\site-packages\bottleneck\reduce.cp38-win_amd64.pyd
0x00007ff9dd7c0000 - 0x00007ff9dd7ca000 	C:\Users\bitcamp\.conda\envs\venv\lib\site-packages\bottleneck\nonreduce.cp38-win_amd64.pyd
0x00007ff9dd790000 - 0x00007ff9dd79f000 	C:\Users\bitcamp\.conda\envs\venv\lib\site-packages\bottleneck\nonreduce_axis.cp38-win_amd64.pyd
0x00007ff9bf4a0000 - 0x00007ff9bf4b9000 	C:\Users\bitcamp\.conda\envs\venv\lib\site-packages\bottleneck\move.cp38-win_amd64.pyd
0x00007ff9b7580000 - 0x00007ff9b75f4000 	C:\Users\bitcamp\.conda\envs\venv\lib\site-packages\pandas\_libs\index.cp38-win_amd64.pyd
0x00007ff972b20000 - 0x00007ff972cf7000 	C:\Users\bitcamp\.conda\envs\venv\lib\site-packages\pandas\_libs\join.cp38-win_amd64.pyd
0x00007ff9b1730000 - 0x00007ff9b17f8000 	C:\Users\bitcamp\.conda\envs\venv\lib\site-packages\pandas\_libs\sparse.cp38-win_amd64.pyd
0x00007ff9b7530000 - 0x00007ff9b7573000 	C:\Users\bitcamp\.conda\envs\venv\lib\site-packages\pandas\_libs\reduction.cp38-win_amd64.pyd
0x00007ff9dd740000 - 0x00007ff9dd750000 	C:\Users\bitcamp\.conda\envs\venv\lib\site-packages\pandas\_libs\indexing.cp38-win_amd64.pyd
0x00007ff9b7310000 - 0x00007ff9b7348000 	C:\Users\bitcamp\.conda\envs\venv\lib\site-packages\pandas\_libs\internals.cp38-win_amd64.pyd
0x00007ff9b5530000 - 0x00007ff9b5561000 	C:\Users\bitcamp\.conda\envs\venv\lib\site-packages\pandas\_libs\writers.cp38-win_amd64.pyd
0x00007ff9b1da0000 - 0x00007ff9b1def000 	C:\Users\bitcamp\.conda\envs\venv\lib\site-packages\pandas\_libs\window\aggregations.cp38-win_amd64.pyd
0x00007ff9e3d90000 - 0x00007ff9e3e1d000 	C:\WINDOWS\SYSTEM32\MSVCP140.dll
0x00007ff9e3c70000 - 0x00007ff9e3c7c000 	C:\WINDOWS\SYSTEM32\VCRUNTIME140_1.dll
0x00007ff9b1d70000 - 0x00007ff9b1d99000 	C:\Users\bitcamp\.conda\envs\venv\lib\site-packages\pandas\_libs\window\indexers.cp38-win_amd64.pyd
0x00007ff9b1b40000 - 0x00007ff9b1b7c000 	C:\Users\bitcamp\.conda\envs\venv\lib\site-packages\pandas\_libs\reshape.cp38-win_amd64.pyd
0x00007ff994290000 - 0x00007ff99436f000 	C:\Users\bitcamp\.conda\envs\venv\lib\site-packages\pandas\_libs\groupby.cp38-win_amd64.pyd
0x00007ff994220000 - 0x00007ff994285000 	C:\Users\bitcamp\.conda\envs\venv\lib\site-packages\pandas\_libs\parsers.cp38-win_amd64.pyd
0x00007ff9b1d50000 - 0x00007ff9b1d65000 	C:\Users\bitcamp\.conda\envs\venv\lib\site-packages\pandas\_libs\json.cp38-win_amd64.pyd
0x00007ff9b1b20000 - 0x00007ff9b1b36000 	C:\Users\bitcamp\.conda\envs\venv\lib\site-packages\pandas\_libs\testing.cp38-win_amd64.pyd
0x00007ff972a50000 - 0x00007ff972b20000 	C:\Users\bitcamp\.conda\envs\venv\lib\site-packages\brotli\_brotli.pyd
0x00007ff9b16f0000 - 0x00007ff9b1724000 	C:\Users\bitcamp\.conda\envs\venv\lib\site-packages\_cffi_backend.cp38-win_amd64.pyd
0x00007ff976a40000 - 0x00007ff976a6e000 	C:\Users\bitcamp\AppData\Roaming\Python\Python38\site-packages\sklearn\.libs\vcomp140.dll
0x00007ff976fe0000 - 0x00007ff976ffa000 	C:\Users\bitcamp\AppData\Roaming\Python\Python38\site-packages\sklearn\.libs\vcruntime140.dll
0x00007ff9b3ae0000 - 0x00007ff9b3aec000 	C:\Users\bitcamp\AppData\Roaming\Python\Python38\site-packages\sklearn\.libs\vcruntime140_1.dll
0x00007ff9b1640000 - 0x00007ff9b164a000 	C:\Users\bitcamp\AppData\Roaming\Python\Python38\site-packages\sklearn\__check_build\_check_build.cp38-win_amd64.pyd
0x00007ff9e5730000 - 0x00007ff9e5744000 	C:\Users\bitcamp\.conda\envs\venv\lib\site-packages\scipy\_lib\_ccallback_c.cp38-win_amd64.pyd
0x00007ff977ff0000 - 0x00007ff978209000 	C:\Users\bitcamp\.conda\envs\venv\lib\site-packages\scipy\sparse\_sparsetools.cp38-win_amd64.pyd

dbghelp: loaded successfully - version: 4.0.5 - missing functions: none
symbol engine: initialized successfully - sym options: 0x614 - pdb path: .;C:\Users\bitcamp\.conda\envs\venv;C:\WINDOWS\SYSTEM32;C:\Users\bitcamp\.conda\envs\venv\DLLs;C:\Users\bitcamp\.conda\envs\venv\Library\bin;C:\Users\bitcamp\.conda\envs\venv\lib\site-packages\MySQLdb;C:\Users\bitcamp\AppData\Roaming\Python\Python38\site-packages\numpy\.libs;C:\Users\bitcamp\AppData\Roaming\Python\Python38\site-packages\numpy\core;C:\Users\bitcamp\AppData\Roaming\Python\Python38\site-packages\numpy\linalg;C:\Users\bitcamp\AppData\Roaming\Python\Python38\site-packages\numpy\fft;C:\Users\bitcamp\AppData\Roaming\Python\Python38\site-packages\numpy\random;C:\Users\bitcamp\.conda\envs\venv\lib\site-packages\pandas\_libs;C:\Users\bitcamp\.conda\envs\venv\lib\site-packages\pandas\_libs\tslibs;C:\Users\bitcamp\.conda\envs\venv\lib\site-packages\bottleneck;C:\Users\bitcamp\.conda\envs\venv\lib\site-packages\pandas\_libs\window;C:\Users\bitcamp\.conda\envs\venv\lib\site-packages\brotli;C:\Users\bitcamp\.conda\envs\venv\lib\site-packages;C:\Users\bitcamp\AppData\Roaming\Python\Python38\site-packages\sklearn\.libs;C:\Users\bitcamp\AppData\Roaming\Python\Python38\site-packages\sklearn\__check_build;C:\Users\bitcamp\.conda\envs\venv\lib\site-packages\scipy\_lib;C:\Users\bitcamp\.conda\envs\venv\lib\site-packages\scipy\sparse;C:\Users\bitcamp\.conda\envs\venv\lib\site-packages\scipy\sparse\csgraph;C:\Users\bitcamp\AppData\Roaming\Python\Python38\site-packages\sklearn\utils;C:\Users\bitcamp\.conda\envs\venv\lib\site-packages\psutil;C:\Users\bitcamp\.conda\envs\venv\lib\site-packages\scipy\spatial;C:\Users\bitcamp\.conda\envs\venv\lib\site-packages\scipy\linalg;C:\Users\bitcamp\.conda\envs\venv\lib\site-packages\scipy\special;C:\Users\bitcamp\.conda\envs\venv\lib\site-packages\scipy\spatial\transform;C:\Users\bitcamp\.conda\envs\venv\lib\site-packages\scipy\ndimage;C:\Users\bitcamp\.conda\envs\venv\lib\site-packages\scipy\optimize;C:\Users\bitcamp\.conda\envs\venv\lib\site-packages\scipy\sparse\linalg\isolve;C:\Users\bitcamp\.conda\envs\venv\lib\site-packages\scipy\sparse\linalg\dsolve;C:\Users\bitcamp\.conda\envs\venv\lib\site-packages\scipy\sparse\linalg\eigen\arpack;C:\Users\bitcamp\.conda\envs\venv\lib\site-packages\scipy\optimize\_trlib;C:\Users\bitcamp\.conda\envs\venv\lib\site-packages\scipy\optimize\_lsq;C:\Users\bitcamp\.conda\envs\venv\lib\site-packages\scipy\optimize\_highs;C:\Users\bitcamp\.conda\envs\venv\lib\site-packages\scipy\integrate;C:\Users\bitcamp\.conda\envs\venv\lib\site-packages\scipy\interpolate;C:\Users\bitcamp\.conda\envs\venv\lib\site-packages\scipy\stats;C:\Users\bitcamp\.conda\envs\venv\lib\site-packages\win32;c:\Program Files\HP\HP ProtectTools Security Manager\Bin;C:\Users\bitcamp\AppData\Roaming\Python\Python38\site-packages\sklearn\preprocessing;C:\Users\bitcamp\AppData\Roaming\Python\Python38\site-packages\sklearn\metrics\cluster;C:\Users\bitcamp\AppData\Roaming\Python\Python38\site-packages\sklearn\metrics;C:\Users\bitcamp\.conda\envs\venv\lib\site-packages\matplotlib;C:\Users\bitcamp\.conda\envs\venv\lib\site-packages\PIL;C:\Users\bitcamp\.conda\envs\venv\lib\site-packages\matplotlib\backends;C:\Users\bitcamp\.conda\envs\venv\lib\site-packages\PyQt5;C:\Users\bitcamp\.conda\envs\venv\lib\site-packages\lxml;C:\WINDOWS\WinSxS\amd64_microsoft.windows.common-controls_6595b64144ccf1df_6.0.19041.1110_none_60b5254171f9507e;C:\Users\bitcamp\.conda\envs\venv\lib\site-packages\regex;C:\Users\bitcamp\AppData\Roaming\Python\Python38\site-packages\sklearn\feature_extraction;C:\Users\bitcamp\AppData\Roaming\Python\Python38\site-packages\sklearn\datasets;C:\Users\bitcamp\.conda\envs\venv\lib\site-packages\scipy\io\matlab;C:\Users\bitcamp\AppData\Roaming\Python\Python38\site-packages\sklearn\svm;C:\Users\bitcamp\AppData\Roaming\Python\Python38\site-packages\sklearn\linear_model;C:\Users\bitcamp\.conda\envs\venv\lib\site-packages\markupsafe;C:\Users\bitcamp\.conda\envs\venv\lib\site-packages\psycopg2;C:\Users\bitcamp\.conda\envs\venv\lib\site-packages\yaml;C:\Users\bitcamp\.conda\envs\venv\lib\site-packages\numexpr;C:\Users\bitcamp\.conda\envs\venv\tcl\reg1.3;C:\Windows\System32\IME\IMEKR;C:\Windows\System32\IME\shared;C:\Program Files\jdk-11\bin\server;C:\Program Files\jdk-11\bin

VM Arguments:
jvm_args: -Dfile.encoding=UTF8 -ea -Xmx1024m 
java_command: <unknown>
java_class_path (initial): C:\Users\bitcamp\AppData\Roaming\Python\Python38\site-packages\konlpy\java;C:\Users\bitcamp\AppData\Roaming\Python\Python38\site-packages\konlpy\java\bin;C:\Users\bitcamp\AppData\Roaming\Python\Python38\site-packages\konlpy\java\*;C:\Users\bitcamp\AppData\Roaming\Python\Python38\site-packages\konlpy\java\jhannanum-0.8.4.jar;C:\Users\bitcamp\AppData\Roaming\Python\Python38\site-packages\konlpy\java\kkma-2.0.jar;C:\Users\bitcamp\AppData\Roaming\Python\Python38\site-packages\konlpy\java\aho-corasick.jar;C:\Users\bitcamp\AppData\Roaming\Python\Python38\site-packages\konlpy\java\shineware-common-1.0.jar;C:\Users\bitcamp\AppData\Roaming\Python\Python38\site-packages\konlpy\java\shineware-ds-1.0.jar;C:\Users\bitcamp\AppData\Roaming\Python\Python38\site-packages\konlpy\java\komoran-3.0.jar;C:\Users\bitcamp\AppData\Roaming\Python\Python38\site-packages\konlpy\java\snakeyaml-1.12.jar;C:\Users\bitcamp\AppData\Roaming\Python\Python38\site-packages\konlpy\java\scala-library-2.12.3.jar;C:\Users\bitcamp\AppData\Roaming\Python\Python38\site-packages\konlpy\java\open-korean-text-2.1.0.jar;C:\Users\bitcamp\AppData\Roaming\Python\Python38\site-packages\konlpy\java\twitter-text-1.14.7.jar;C:\Users\bitcamp\AppData\Roaming\Python\Python38\site-packages\konlpy\java\*
Launcher Type: generic

[Global flags]
     intx CICompilerCount                          = 4                                         {product} {ergonomic}
     uint ConcGCThreads                            = 2                                         {product} {ergonomic}
     uint G1ConcRefinementThreads                  = 8                                         {product} {ergonomic}
   size_t G1HeapRegionSize                         = 1048576                                   {product} {ergonomic}
    uintx GCDrainStackTargetSize                   = 64                                        {product} {ergonomic}
   size_t InitialHeapSize                          = 266338304                                 {product} {ergonomic}
   size_t MarkStackSize                            = 4194304                                   {product} {ergonomic}
   size_t MaxHeapSize                              = 1073741824                                {product} {command line}
   size_t MaxNewSize                               = 643825664                                 {product} {ergonomic}
   size_t MinHeapDeltaBytes                        = 1048576                                   {product} {ergonomic}
    uintx NonNMethodCodeHeapSize                   = 5835340                                {pd product} {ergonomic}
    uintx NonProfiledCodeHeapSize                  = 122911450                              {pd product} {ergonomic}
    uintx ProfiledCodeHeapSize                     = 122911450                              {pd product} {ergonomic}
    uintx ReservedCodeCacheSize                    = 251658240                              {pd product} {ergonomic}
     bool SegmentedCodeCache                       = true                                      {product} {ergonomic}
     bool UseCompressedClassPointers               = true                                 {lp64_product} {ergonomic}
     bool UseCompressedOops                        = true                                 {lp64_product} {ergonomic}
     bool UseG1GC                                  = true                                      {product} {ergonomic}
     bool UseLargePagesIndividualAllocation        = false                                  {pd product} {ergonomic}

Logging:
Log output configuration:
 #0: stdout all=warning uptime,level,tags
 #1: stderr all=off uptime,level,tags

Environment Variables:
JAVA_HOME=C:\Program Files\jdk-11
PATH=C:\Users\bitcamp\.conda\envs\venv;C:\Users\bitcamp\.conda\envs\venv\Library\mingw-w64\bin;C:\Users\bitcamp\.conda\envs\venv\Library\usr\bin;C:\Users\bitcamp\.conda\envs\venv\Library\bin;C:\Users\bitcamp\.conda\envs\venv\Scripts;C:\Users\bitcamp\.conda\envs\venv\bin;C:\ProgramData\Anaconda3\condabin;C:\Program Files\MongoDB\Server\5.0bin;C:\WINDOWS\system32;C:\WINDOWS;C:\WINDOWS\System32\Wbem;C:\WINDOWS\System32\WindowsPowerShell\v1.0;C:\WINDOWS\System32\OpenSSH;C:\Program Files\jdk-11\bin;C:\Program Files\Git\cmd;C:\Program Files\nodejs;C:\Program Files\nodejs;C:\ProgramData\Anaconda3;C:\ProgramData\Anaconda3\Scripts;C:\ProgramData\Anaconda3\Library\bin;C:\ProgramData\Anaconda3\Library\mingw-w64\bin;.;C:\Program Files\Docker\Docker\resources\bin;C:\ProgramData\DockerDesktop\version-bin;C:\Users\bitcamp\AppData\Local\Microsoft\WindowsApps;.;C:\Program Files\JetBrains\IntelliJ IDEA 2021.1.3\bin;.;C:\Program Files\JetBrains\PyCharm 2021.1.3\bin;.;C:\Users\bitcamp\AppData\Local\Programs\Microsoft VS Code\bin;C:\Users\bitcamp\AppData\Roaming\npm
USERNAME=bitcamp
OS=Windows_NT
PROCESSOR_IDENTIFIER=Intel64 Family 6 Model 158 Stepping 13, GenuineIntel



---------------  S Y S T E M  ---------------

OS: Windows 10 , 64 bit Build 19041 (10.0.19041.1202)

CPU:total 8 (initial active 8) (8 cores per cpu, 1 threads per core) family 6 model 158 stepping 13, cmov, cx8, fxsr, mmx, sse, sse2, sse3, ssse3, sse4.1, sse4.2, popcnt, avx, avx2, aes, clmul, erms, 3dnowpref, lzcnt, tsc, tscinvbit, bmi1, bmi2, adx, fma

Memory: 4k page, system-wide physical 16222M (3479M free)
TotalPageFile size 39774M (AvailPageFile size 15406M)
current process WorkingSet (physical memory assigned to process): 328M, peak: 328M
current process commit charge ("private bytes"): 1481M, peak: 1570M

vm_info: OpenJDK 64-Bit Server VM (11+28) for windows-amd64 JRE (11+28), built on Aug 23 2018 03:04:58 by "mach5one" with MS VC++ 15.5 (VS2017)

END.
